2025-12-01 09:47:20 - phoenix - INFO - ============================================================
2025-12-01 09:47:20 - phoenix - INFO - 🏗️  Phoenix AZ Construction Permits Scraper
2025-12-01 09:47:20 - phoenix - INFO - Fetching up to 5000 permits from last 90 days...
2025-12-01 09:47:20 - phoenix - INFO - Date Range: 2025-09-02 to 2025-12-01
2025-12-01 09:47:20 - phoenix - INFO - No more data available at offset 0
2025-12-01 09:47:20 - phoenix - ERROR - ❌ No permits found
2025-12-01 09:47:20 - phoenix - WARNING - ❌ No permits scraped for phoenix
2025-12-01 15:14:18 - phoenix - INFO - ============================================================
2025-12-01 15:14:18 - phoenix - INFO - 🏗️  Phoenix AZ Construction Permits Scraper
2025-12-01 15:14:18 - phoenix - INFO - Fetching up to 3 permits from last 90 days...
2025-12-01 15:14:18 - phoenix - INFO - Date Range: 2025-09-02 to 2025-12-01
2025-12-01 15:14:18 - phoenix - INFO - No more data available at offset 0
2025-12-01 15:14:18 - phoenix - ERROR - ❌ No permits found
2025-12-02 05:29:08 - phoenix - INFO - ============================================================
2025-12-02 05:29:08 - phoenix - INFO - 🏗️  Phoenix AZ Construction Permits Scraper
2025-12-02 05:29:08 - phoenix - INFO - Fetching up to 5000 permits from last 90 days...
2025-12-02 05:29:08 - phoenix - INFO - Date Range: 2025-09-03 to 2025-12-02
2025-12-02 05:29:08 - phoenix - INFO - No more data available at offset 0
2025-12-02 05:29:08 - phoenix - ERROR - ❌ No permits found
2025-12-02 05:29:08 - phoenix - WARNING - ❌ No permits scraped for phoenix
2025-12-02 20:39:42 - phoenix - INFO - ============================================================
2025-12-02 20:39:42 - phoenix - INFO - 🏗️  Phoenix AZ Construction Permits Scraper
2025-12-02 20:39:42 - phoenix - INFO - Fetching up to 3 permits from last 90 days...
2025-12-02 20:39:42 - phoenix - INFO - Date Range: 2025-09-03 to 2025-12-02
2025-12-02 20:39:42 - phoenix - INFO - No more data available at offset 0
2025-12-02 20:39:42 - phoenix - ERROR - ❌ No permits found
2025-12-03 20:38:17 - phoenix - INFO - ============================================================
2025-12-03 20:38:17 - phoenix - INFO - 🏗️  Phoenix AZ Construction Permits Scraper
2025-12-03 20:38:17 - phoenix - INFO - Fetching up to 5000 permits from last 90 days...
2025-12-03 20:38:17 - phoenix - INFO - Date Range: 2025-09-04 to 2025-12-03
2025-12-03 20:38:17 - phoenix - INFO - No more data available at offset 0
2025-12-03 20:38:17 - phoenix - ERROR - ❌ No permits found
2025-12-03 20:38:17 - phoenix - WARNING - ❌ No permits scraped for phoenix
2025-12-03 20:48:11 - phoenix - INFO - ============================================================
2025-12-03 20:48:11 - phoenix - INFO - 🏗️  Phoenix AZ Construction Permits Scraper
2025-12-03 20:48:11 - phoenix - INFO - Fetching up to 5000 permits from last 90 days...
2025-12-03 20:48:11 - phoenix - INFO - Date Range: 2025-09-04 to 2025-12-03
2025-12-03 20:48:11 - phoenix - INFO - No more data available at offset 0
2025-12-03 20:48:11 - phoenix - ERROR - ❌ No permits found
2025-12-03 20:48:11 - phoenix - WARNING - ❌ No permits scraped for phoenix
2025-12-03 21:41:48 - phoenix - INFO - ============================================================
2025-12-03 21:41:48 - phoenix - INFO - 🏗️  Phoenix AZ Construction Permits Scraper
2025-12-03 21:41:48 - phoenix - INFO - Fetching up to 5000 permits from last 90 days...
2025-12-03 21:41:48 - phoenix - INFO - Date Range: 2025-09-04 to 2025-12-03
2025-12-03 21:41:50 - phoenix - INFO - No more data available at offset 0
2025-12-03 21:41:50 - phoenix - ERROR - ❌ No permits found
2025-12-03 21:41:50 - phoenix - WARNING - ❌ No permits scraped for phoenix
